<component name="libraryTable">
  <library name="junit-hierarchicalcontextrunner-4.12.1">
    <CLASSES>
      <root url="jar://C:/Program Files/Java/plugins/junit-hierarchicalcontextrunner-4.12.1.jar!/" />
    </CLASSES>
    <JAVADOC />
    <SOURCES />
  </library>
</component>